<?xml version="1.0" encoding="UTF-8"?>
<!-- Generated by org.testng.reporters.JUnitReportReporter -->
<testsuite hostname="IBM-1G1SMM3" name="Fullstack.assenment$Assugnment" tests="4" failures="0" timestamp="1 Jul 2022 11:22:38 GMT" time="9.087" errors="0">
  <testcase name="firstPUT" time="1.442" classname="Fullstack.assenment$Assugnment"/>
  <testcase name="anotherGET" time="1.380" classname="Fullstack.assenment$Assugnment"/>
  <testcase name="firstPOST" time="4.823" classname="Fullstack.assenment$Assugnment"/>
  <testcase name="firstDELETE" time="1.442" classname="Fullstack.assenment$Assugnment"/>
</testsuite> <!-- Fullstack.assenment$Assugnment -->
